f:\研究生任务\leetcode\leetcode\leetcode\debug\vc141.pdb
f:\研究生任务\leetcode\leetcode\leetcode\debug\vc141.idb
f:\研究生任务\leetcode\leetcode\leetcode\debug\剑指20.obj
f:\研究生任务\leetcode\leetcode\leetcode\debug\剑指19.obj
f:\研究生任务\leetcode\leetcode\leetcode\debug\剑指18.obj
f:\研究生任务\leetcode\leetcode\leetcode\debug\剑指17.obj
f:\研究生任务\leetcode\leetcode\leetcode\debug\剑指16.obj
f:\研究生任务\leetcode\leetcode\leetcode\debug\剑指15.obj
f:\研究生任务\leetcode\leetcode\leetcode\debug\剑指14.obj
f:\研究生任务\leetcode\leetcode\leetcode\debug\剑指13.obj
f:\研究生任务\leetcode\leetcode\leetcode\debug\剑指12.obj
f:\研究生任务\leetcode\leetcode\leetcode\debug\剑指11.obj
f:\研究生任务\leetcode\leetcode\leetcode\debug\剑指10.obj
f:\研究生任务\leetcode\leetcode\leetcode\debug\剑指09.obj
f:\研究生任务\leetcode\leetcode\leetcode\debug\剑指08.obj
f:\研究生任务\leetcode\leetcode\leetcode\debug\剑指07.obj
f:\研究生任务\leetcode\leetcode\leetcode\debug\剑指06.obj
f:\研究生任务\leetcode\leetcode\leetcode\debug\剑指05.obj
f:\研究生任务\leetcode\leetcode\leetcode\debug\剑指04.obj
f:\研究生任务\leetcode\leetcode\leetcode\debug\剑指03.obj
f:\研究生任务\leetcode\leetcode\leetcode\debug\剑指02.obj
f:\研究生任务\leetcode\leetcode\leetcode\debug\剑指01.obj
f:\研究生任务\leetcode\leetcode\leetcode\debug\剑指40.obj
f:\研究生任务\leetcode\leetcode\leetcode\debug\剑指39.obj
f:\研究生任务\leetcode\leetcode\leetcode\debug\剑指38.obj
f:\研究生任务\leetcode\leetcode\leetcode\debug\剑指37.obj
f:\研究生任务\leetcode\leetcode\leetcode\debug\剑指36.obj
f:\研究生任务\leetcode\leetcode\leetcode\debug\剑指35.obj
f:\研究生任务\leetcode\leetcode\leetcode\debug\剑指34.obj
f:\研究生任务\leetcode\leetcode\leetcode\debug\剑指33.obj
f:\研究生任务\leetcode\leetcode\leetcode\debug\剑指32.obj
f:\研究生任务\leetcode\leetcode\leetcode\debug\剑指31.obj
f:\研究生任务\leetcode\leetcode\leetcode\debug\剑指30.obj
f:\研究生任务\leetcode\leetcode\leetcode\debug\剑指29.obj
f:\研究生任务\leetcode\leetcode\leetcode\debug\剑指28.obj
f:\研究生任务\leetcode\leetcode\leetcode\debug\剑指27.obj
f:\研究生任务\leetcode\leetcode\leetcode\debug\剑指26.obj
f:\研究生任务\leetcode\leetcode\leetcode\debug\剑指25.obj
f:\研究生任务\leetcode\leetcode\leetcode\debug\剑指24.obj
f:\研究生任务\leetcode\leetcode\leetcode\debug\剑指23.obj
f:\研究生任务\leetcode\leetcode\leetcode\debug\剑指22.obj
f:\研究生任务\leetcode\leetcode\leetcode\debug\剑指21.obj
f:\研究生任务\leetcode\leetcode\leetcode\debug\剑指60.obj
f:\研究生任务\leetcode\leetcode\leetcode\debug\剑指59.obj
f:\研究生任务\leetcode\leetcode\leetcode\debug\剑指58.obj
f:\研究生任务\leetcode\leetcode\leetcode\debug\剑指57.obj
f:\研究生任务\leetcode\leetcode\leetcode\debug\剑指56.obj
f:\研究生任务\leetcode\leetcode\leetcode\debug\剑指55.obj
f:\研究生任务\leetcode\leetcode\leetcode\debug\剑指54.obj
f:\研究生任务\leetcode\leetcode\leetcode\debug\剑指53.obj
f:\研究生任务\leetcode\leetcode\leetcode\debug\剑指52.obj
f:\研究生任务\leetcode\leetcode\leetcode\debug\剑指51.obj
f:\研究生任务\leetcode\leetcode\leetcode\debug\剑指50.obj
f:\研究生任务\leetcode\leetcode\leetcode\debug\剑指49.obj
f:\研究生任务\leetcode\leetcode\leetcode\debug\剑指48.obj
f:\研究生任务\leetcode\leetcode\leetcode\debug\剑指47.obj
f:\研究生任务\leetcode\leetcode\leetcode\debug\剑指46.obj
f:\研究生任务\leetcode\leetcode\leetcode\debug\剑指45.obj
f:\研究生任务\leetcode\leetcode\leetcode\debug\剑指44.obj
f:\研究生任务\leetcode\leetcode\leetcode\debug\剑指43.obj
f:\研究生任务\leetcode\leetcode\leetcode\debug\剑指42.obj
f:\研究生任务\leetcode\leetcode\leetcode\debug\剑指41.obj
f:\研究生任务\leetcode\leetcode\leetcode\debug\剑指80.obj
f:\研究生任务\leetcode\leetcode\leetcode\debug\剑指79.obj
f:\研究生任务\leetcode\leetcode\leetcode\debug\剑指78.obj
f:\研究生任务\leetcode\leetcode\leetcode\debug\剑指77.obj
f:\研究生任务\leetcode\leetcode\leetcode\debug\剑指76.obj
f:\研究生任务\leetcode\leetcode\leetcode\debug\剑指75.obj
f:\研究生任务\leetcode\leetcode\leetcode\debug\剑指74.obj
f:\研究生任务\leetcode\leetcode\leetcode\debug\剑指73.obj
f:\研究生任务\leetcode\leetcode\leetcode\debug\剑指72.obj
f:\研究生任务\leetcode\leetcode\leetcode\debug\剑指71.obj
f:\研究生任务\leetcode\leetcode\leetcode\debug\剑指70.obj
f:\研究生任务\leetcode\leetcode\leetcode\debug\剑指69.obj
f:\研究生任务\leetcode\leetcode\leetcode\debug\剑指68.obj
f:\研究生任务\leetcode\leetcode\leetcode\debug\剑指67.obj
f:\研究生任务\leetcode\leetcode\leetcode\debug\剑指66.obj
f:\研究生任务\leetcode\leetcode\leetcode\debug\剑指65.obj
f:\研究生任务\leetcode\leetcode\leetcode\debug\剑指64.obj
f:\研究生任务\leetcode\leetcode\leetcode\debug\剑指63.obj
f:\研究生任务\leetcode\leetcode\leetcode\debug\剑指62.obj
f:\研究生任务\leetcode\leetcode\leetcode\debug\剑指61.obj
f:\研究生任务\leetcode\leetcode\leetcode\debug\剑指99.obj
f:\研究生任务\leetcode\leetcode\leetcode\debug\剑指98.obj
f:\研究生任务\leetcode\leetcode\leetcode\debug\剑指97.obj
f:\研究生任务\leetcode\leetcode\leetcode\debug\剑指96.obj
f:\研究生任务\leetcode\leetcode\leetcode\debug\剑指95.obj
f:\研究生任务\leetcode\leetcode\leetcode\debug\剑指94.obj
f:\研究生任务\leetcode\leetcode\leetcode\debug\剑指93.obj
f:\研究生任务\leetcode\leetcode\leetcode\debug\剑指92.obj
f:\研究生任务\leetcode\leetcode\leetcode\debug\剑指91.obj
f:\研究生任务\leetcode\leetcode\leetcode\debug\剑指90.obj
f:\研究生任务\leetcode\leetcode\leetcode\debug\剑指89.obj
f:\研究生任务\leetcode\leetcode\leetcode\debug\剑指88.obj
f:\研究生任务\leetcode\leetcode\leetcode\debug\剑指87.obj
f:\研究生任务\leetcode\leetcode\leetcode\debug\剑指86.obj
f:\研究生任务\leetcode\leetcode\leetcode\debug\剑指85.obj
f:\研究生任务\leetcode\leetcode\leetcode\debug\剑指84.obj
f:\研究生任务\leetcode\leetcode\leetcode\debug\剑指83.obj
f:\研究生任务\leetcode\leetcode\leetcode\debug\剑指82.obj
f:\研究生任务\leetcode\leetcode\leetcode\debug\剑指81.obj
f:\研究生任务\leetcode\leetcode\leetcode\debug\剑指32_2.obj
f:\研究生任务\leetcode\leetcode\debug\leetcode.ilk
f:\研究生任务\leetcode\leetcode\debug\leetcode.exe
f:\研究生任务\leetcode\leetcode\debug\leetcode.pdb
f:\研究生任务\leetcode\leetcode\leetcode\debug\leetcode.tlog\cl.command.1.tlog
f:\研究生任务\leetcode\leetcode\leetcode\debug\leetcode.tlog\cl.read.1.tlog
f:\研究生任务\leetcode\leetcode\leetcode\debug\leetcode.tlog\cl.write.1.tlog
f:\研究生任务\leetcode\leetcode\leetcode\debug\leetcode.tlog\link.24720-cvtres.read.1.tlog
f:\研究生任务\leetcode\leetcode\leetcode\debug\leetcode.tlog\link.24720-cvtres.write.1.tlog
f:\研究生任务\leetcode\leetcode\leetcode\debug\leetcode.tlog\link.24720-rc.read.1.tlog
f:\研究生任务\leetcode\leetcode\leetcode\debug\leetcode.tlog\link.24720-rc.write.1.tlog
f:\研究生任务\leetcode\leetcode\leetcode\debug\leetcode.tlog\link.24720.read.1.tlog
f:\研究生任务\leetcode\leetcode\leetcode\debug\leetcode.tlog\link.24720.write.1.tlog
f:\研究生任务\leetcode\leetcode\leetcode\debug\leetcode.tlog\link.command.1.tlog
f:\研究生任务\leetcode\leetcode\leetcode\debug\leetcode.tlog\link.read.1.tlog
f:\研究生任务\leetcode\leetcode\leetcode\debug\leetcode.tlog\link.write.1.tlog
